21:24:00,035 LogJob execute =================================爬虫周期=======================================----------------------
21:24:00,045 StaticsLogServiceImpl executeStatics --------------------------------------------------------------------------------
21:24:00,045 StaticsLogServiceImpl executeStatics spider_douban爬虫任务
21:24:00,045 StaticsLogServiceImpl executeStatics 一共解析的列表页url个数:0
21:24:00,045 StaticsLogServiceImpl executeStatics 一共解析的详细页url个数:0
21:24:00,045 StaticsLogServiceImpl executeStatics 成功解析的url个数:0
21:24:00,045 StaticsLogServiceImpl executeStatics 解析失败的url个数:0
21:24:00,045 StaticsLogServiceImpl executeStatics 任务开始执行的时间:未记录
21:24:00,045 StaticsLogServiceImpl executeStatics 任务结束执行的时间:未记录
21:24:00,045 StaticsLogServiceImpl executeStatics --------------------------------------------------------------------------------
21:24:00,045 StaticsLogServiceImpl executeStatics --------------------------------------------------------------------------------
21:24:00,045 StaticsLogServiceImpl executeStatics spider_zongheng爬虫任务
21:24:00,045 StaticsLogServiceImpl executeStatics 一共解析的列表页url个数:0
21:24:00,045 StaticsLogServiceImpl executeStatics 一共解析的详细页url个数:0
21:24:00,045 StaticsLogServiceImpl executeStatics 成功解析的url个数:0
21:24:00,045 StaticsLogServiceImpl executeStatics 解析失败的url个数:0
21:24:00,045 StaticsLogServiceImpl executeStatics 任务开始执行的时间:未记录
21:24:00,045 StaticsLogServiceImpl executeStatics 任务结束执行的时间:未记录
21:24:00,045 StaticsLogServiceImpl executeStatics --------------------------------------------------------------------------------
21:24:00,045 LogJob execute =================================爬虫周期=============================================================
21:36:00,060 LogJob execute =================================爬虫周期=======================================----------------------
21:36:00,088 StaticsLogServiceImpl executeStatics --------------------------------------------------------------------------------
21:36:00,088 StaticsLogServiceImpl executeStatics spider_douban爬虫任务
21:36:00,088 StaticsLogServiceImpl executeStatics 一共解析的列表页url个数:2
21:36:00,088 StaticsLogServiceImpl executeStatics 一共解析的详细页url个数:32
21:36:00,089 StaticsLogServiceImpl executeStatics 成功解析的url个数:33
21:36:00,089 StaticsLogServiceImpl executeStatics 解析失败的url个数:1
21:36:00,090 StaticsLogServiceImpl executeStatics 任务开始执行的时间:2019-6-5 21:33:01
21:36:00,090 StaticsLogServiceImpl executeStatics 任务结束执行的时间:未记录
21:36:00,090 StaticsLogServiceImpl executeStatics --------------------------------------------------------------------------------
21:36:00,123 StaticsLogServiceImpl executeStatics --------------------------------------------------------------------------------
21:36:00,123 StaticsLogServiceImpl executeStatics spider_zongheng爬虫任务
21:36:00,123 StaticsLogServiceImpl executeStatics 一共解析的列表页url个数:1
21:36:00,123 StaticsLogServiceImpl executeStatics 一共解析的详细页url个数:31
21:36:00,123 StaticsLogServiceImpl executeStatics 成功解析的url个数:32
21:36:00,123 StaticsLogServiceImpl executeStatics 解析失败的url个数:0
21:36:00,123 StaticsLogServiceImpl executeStatics 任务开始执行的时间:2019-6-5 21:33:01
21:36:00,123 StaticsLogServiceImpl executeStatics 任务结束执行的时间:未记录
21:36:00,123 StaticsLogServiceImpl executeStatics --------------------------------------------------------------------------------
21:36:00,124 LogJob execute =================================爬虫周期=============================================================
